<?xml version="1.0" encoding="UTF-8"?>
<!-- Generated by org.testng.reporters.JUnitXMLReporter -->
<testsuite hostname="GST-Vikram" ignored="0" name="Test" tests="1" failures="1" timestamp="01 Nov 2018 09:42:01 GMT" time="0.032" errors="0">
  <testcase name="@AfterMethod teardown" time="0.0" classname="com.lakshya.qa.testcases.HelloTest">
    <failure type="java.lang.NullPointerException">
      <![CDATA[java.lang.NullPointerException
at com.lakshya.qa.testcases.HelloTest.teardown(HelloTest.java:26)
... Removed 28 stack frames]]>
    </failure>
  </testcase> <!-- @AfterMethod teardown -->
  <testcase name="Setup" time="0.004" classname="com.lakshya.qa.testcases.HelloTest">
    <failure type="java.lang.NullPointerException">
      <![CDATA[java.lang.NullPointerException
at com.lakshya.qa.testcases.HelloTest.Setup(HelloTest.java:19)
... Removed 25 stack frames]]>
    </failure>
  </testcase> <!-- Setup -->
</testsuite> <!-- Test -->
